C51 COMPILER V9.56.0.0   DELAY                                                             12/16/2024 19:35:40 PAGE 1   


C51 COMPILER V9.56.0.0, COMPILATION OF MODULE DELAY
OBJECT MODULE PLACED IN delay.OBJ
COMPILER INVOKED BY: C:\Keil_v5\C51\BIN\C51.EXE delay.c OPTIMIZE(8,SPEED) BROWSE DEBUG OBJECTEXTEND TABS(2)

line level    source

   1          #include <reg52.h>
   2          #include "delay.h"
   3          
   4          /*******************************************************************************
   5          * 函 数 名        : delay_ms
   6          * 函数功能        : 延时函数，延时i ms
   7          * 输    入        : uchar
   8          * 输    出        : void
   9          * 说    明        : 该函数是在12MHZ晶振下，12分频单片机的延时。
  10          *******************************************************************************/
  11          void delay_ms(uchar i)
  12          {
  13   1        uchar j;
  14   1        for(; i>0; --i)
  15   1        {
  16   2          for(j=90; j>0; --j);
  17   2        }
  18   1      }
  19          
  20          /*******************************************************************************
  21          * 函 数 名        : delay_us
  22          * 函数功能      : 延时函数，延时 2*i*T+5*T us，
  23          * 输    入        : uchar
  24          * 输    出        : void
  25          * 说    明        : 该函数是在12MHZ晶振下，12分频单片机的延时，T=1。
  26          *******************************************************************************/
  27          void delay_us(uchar i)
  28          {
  29   1        while(--i);
  30   1      }


MODULE INFORMATION:   STATIC OVERLAYABLE
   CODE SIZE        =     17    ----
   CONSTANT SIZE    =   ----    ----
   XDATA SIZE       =   ----    ----
   PDATA SIZE       =   ----    ----
   DATA SIZE        =   ----    ----
   IDATA SIZE       =   ----    ----
   BIT SIZE         =   ----    ----
END OF MODULE INFORMATION.


C51 COMPILATION COMPLETE.  0 WARNING(S),  0 ERROR(S)
