C51 COMPILER V9.56.0.0   KEY                                                               12/16/2024 19:35:40 PAGE 1   


C51 COMPILER V9.56.0.0, COMPILATION OF MODULE KEY
OBJECT MODULE PLACED IN key.OBJ
COMPILER INVOKED BY: C:\Keil_v5\C51\BIN\C51.EXE key.c OPTIMIZE(8,SPEED) BROWSE DEBUG OBJECTEXTEND TABS(2)

line level    source

   1          #include <reg52.h>
   2          #include "key.h"
   3          
   4          uchar lastCheckVal=0; //上次检测值
   5          uchar filter=0;     //滤波状态
   6          uchar inputKey=0;   //键值
   7          
   8          /*******************************************************************************
   9          * 函 数 名        : key_scan
  10          * 函数功能      : 键盘扫描，检查键盘接口状态
  11          * 输    入        : void 
  12          * 输    出        : uchar
  13          *******************************************************************************/
  14          uchar key_scan(void)
  15          {
  16   1        uchar val = 0;
  17   1        if(key1 == 0)
  18   1        {
  19   2          val |= 0x01;
  20   2        }
  21   1        if(key2 == 0)
  22   1        {
  23   2          val |= 0x02;
  24   2        }
  25   1        if(key3 == 0)
  26   1        {
  27   2          val |= 0x04;
  28   2        }
  29   1        if(key4 == 0)
  30   1        {
  31   2          val |= 0x08;
  32   2        }
  33   1        return val;
  34   1      }
  35          
  36          /*******************************************************************************
  37          * 函 数 名        : key_check
  38          * 函数功能      : 检测键盘状态，在主函数while(1)中调用
  39          * 输    入        : void
  40          * 输    出        : void
  41          *******************************************************************************/
  42          void key_check(void)
  43          {
  44   1        uchar keyState;
  45   1        if(filter == 0)
  46   1        {
  47   2          keyState = key_scan();
  48   2          if(keyState != lastCheckVal)//输入状态改变
  49   2          {
  50   3            lastCheckVal = keyState;//保存最新检测值
  51   3            filter = 1;
  52   3          }
  53   2        }
  54   1        else if(filter >= FILTER_INTERVAL)
  55   1        {
C51 COMPILER V9.56.0.0   KEY                                                               12/16/2024 19:35:40 PAGE 2   

  56   2          filter = 0;
  57   2          keyState = key_scan();
  58   2          if(keyState == lastCheckVal)//滤波后检测值等于滤波前检测值，标志按键确实按下了
  59   2          {
  60   3            inputKey=keyState;
  61   3          }
  62   2          lastCheckVal = keyState;//无论状态是否一致，都将最新的检测值保存
  63   2        }
  64   1        else
  65   1        {
  66   2          filter++;
  67   2        }
  68   1      }


MODULE INFORMATION:   STATIC OVERLAYABLE
   CODE SIZE        =     72    ----
   CONSTANT SIZE    =   ----    ----
   XDATA SIZE       =   ----    ----
   PDATA SIZE       =   ----    ----
   DATA SIZE        =      3    ----
   IDATA SIZE       =   ----    ----
   BIT SIZE         =   ----    ----
END OF MODULE INFORMATION.


C51 COMPILATION COMPLETE.  0 WARNING(S),  0 ERROR(S)
