C51 COMPILER V9.56.0.0   UART                                                              12/16/2024 19:35:41 PAGE 1   


C51 COMPILER V9.56.0.0, COMPILATION OF MODULE UART
OBJECT MODULE PLACED IN uart.OBJ
COMPILER INVOKED BY: C:\Keil_v5\C51\BIN\C51.EXE uart.c OPTIMIZE(8,SPEED) BROWSE DEBUG OBJECTEXTEND TABS(2)

line level    source

   1          #include <reg52.h>
   2          #include "uart.h"
   3            
   4          /*******************************************************************************
   5          * 函 数 名        : uart_init
   6          * 函数功能      : 串口初始化
   7          * 输    入        : void
   8          * 输    出        : void
   9          *******************************************************************************/
  10          void uart_init(void)
  11          {
  12   1        TMOD &= 0x0F;
  13   1        TMOD |= 0x20; //定时器模式8位自动重装
  14   1        SCON &= 0x0F;
  15   1        SCON |= 0x40; //8位数据位，无校验，禁止串行接收
  16   1        TH1 = 0xFD;
  17   1        TL1 = 0xFD;   //波特率9600
  18   1        PCON &= 0x7F; //波特率不加倍，B7=0不加倍，=1加倍
  19   1        ES = 0;     //串口中断禁止，如果启用了串行接收，则需要使用查询方式检查是否收到数据
  20   1        TR1 = 1;    //启动T1
  21   1        EA = 1;     //全局中断使能
  22   1      }
  23          
  24          /*******************************************************************************
  25          * 函 数 名        : uart_send_byte
  26          * 函数功能      : 发送一个字节
  27          * 输    入        : char byte
  28          * 输    出        : void
  29          *******************************************************************************/
  30          void uart_send_byte(uchar byte)
  31          {
  32   1        SBUF = byte;
  33   1        while(!TI);    //等待发送数据完成
  34   1        TI=0;      //清除发送完成标志位，切勿在中断里面执行TI=0;语句，否则在主函数中发送数据将会卡死
  35   1      }
  36          
  37          /*******************************************************************************
  38          * 函 数 名        : uart_send_bytes
  39          * 函数功能      : 发送字节数组
  40          * 输    入        : uchar *bytes      发送的字节数组
  41                    uchar length    数据长度
  42          * 输    出        : void
  43          *******************************************************************************/
  44          void uart_send_bytes(uchar *bytes, uchar length)
  45          {
  46   1        uchar idx;
  47   1        for(idx = 0; idx < length; idx++)
  48   1        {
  49   2          uart_send_byte(bytes[idx]);
  50   2        }
  51   1      }
  52          
  53          /*******************************************************************************
  54          * 函 数 名        : uart_send_str
  55          * 函数功能      : 发送字符串
C51 COMPILER V9.56.0.0   UART                                                              12/16/2024 19:35:41 PAGE 2   

  56          * 输    入        : uchar *str
  57          * 输    出        : void
  58          *******************************************************************************/
  59          void uart_send_str(uchar *str)
  60          {
  61   1        while(*str)
  62   1        {
  63   2          uart_send_byte(*str++);
  64   2        }
  65   1      }
  66          
  67          /*******************************************************************************
  68          * 函 数 名        : uart_recv_check
  69          * 函数功能      : 串口接收检测
  70          * 输    入        : void
  71          * 输    出        : bit
  72          *******************************************************************************/
  73          //bit uart_recv_check(void)
  74          //{
  75          //  if(RI)      //如果接收标志置位
  76          //  {
  77          //    RI = 0;   //清除接收标志
  78          //    uartData = SBUF;
  79          //    return 1;
  80          //  }
  81          //  return 0;
  82          //}


MODULE INFORMATION:   STATIC OVERLAYABLE
   CODE SIZE        =    108    ----
   CONSTANT SIZE    =   ----    ----
   XDATA SIZE       =   ----    ----
   PDATA SIZE       =   ----    ----
   DATA SIZE        =   ----       6
   IDATA SIZE       =   ----    ----
   BIT SIZE         =   ----    ----
END OF MODULE INFORMATION.


C51 COMPILATION COMPLETE.  0 WARNING(S),  0 ERROR(S)
